<?xml version="1.0" encoding="UTF-8"?>
<!-- Generated by org.testng.reporters.JUnitReportReporter -->
<testsuite skipped="0" hostname="Maldita" name="simpleFormDemo.SimpleFormDemo" tests="1" failures="0" timestamp="05 May 2019 13:32:39 GMT" time="7.570" errors="0">
  <testcase name="simpleForm" time="7.570" classname="simpleFormDemo.SimpleFormDemo"/>
</testsuite> <!-- simpleFormDemo.SimpleFormDemo -->
