<?xml version="1.0" encoding="UTF-8"?>
<!-- Generated by org.testng.reporters.JUnitReportReporter -->
<testsuite skipped="0" hostname="Maldita" name="basicCheckboxDemo.CheckboxDemo" tests="5" failures="0" timestamp="07 Jul 2019 06:29:22 GMT" time="56.765" errors="0">
  <testcase name="multipleCheckBoxCheckedALLBtnClick" time="9.651" classname="basicCheckboxDemo.CheckboxDemo"/>
  <testcase name="multipleCheckBoxChecked2" time="9.804" classname="basicCheckboxDemo.CheckboxDemo"/>
  <testcase name="singleCheckBox" time="11.883" classname="basicCheckboxDemo.CheckboxDemo"/>
  <testcase name="multipleCheckBoxChecked3" time="10.187" classname="basicCheckboxDemo.CheckboxDemo"/>
  <testcase name="multipleCheckBoxCheckedAll" time="15.240" classname="basicCheckboxDemo.CheckboxDemo"/>
</testsuite> <!-- basicCheckboxDemo.CheckboxDemo -->
