<?xml version="1.0" encoding="UTF-8"?>
<!-- Generated by org.testng.reporters.JUnitReportReporter -->
<testsuite skipped="0" hostname="Maldita" name="simpleFormDemo.SimpleFormDemo" tests="1" failures="0" timestamp="07 Jul 2019 06:29:22 GMT" time="9.719" errors="0">
  <testcase name="simpleForm" time="9.719" classname="simpleFormDemo.SimpleFormDemo"/>
</testsuite> <!-- simpleFormDemo.SimpleFormDemo -->
